2025-06-06 17:39:01 - ERROR - Error processing 1000000BABYDOGEUSDT: deque index out of range
2025-06-06 17:39:01 - ERROR - Error processing 1000000CHEEMSUSDT: deque index out of range
2025-06-06 17:39:01 - ERROR - Error processing 1000000MOGUSDT: deque index out of range
2025-06-06 17:39:01 - ERROR - Error processing 1000000PEIPEIUSDT: deque index out of range
2025-06-06 17:39:01 - ERROR - Error processing 10000COQUSDT: deque index out of range
2025-06-06 17:39:01 - ERROR - Error processing 10000ELONUSDT: deque index out of range
2025-06-06 17:39:01 - ERROR - Error processing 10000LADYSUSDT: deque index out of range
2025-06-06 17:39:01 - ERROR - Error processing 10000QUBICUSDT: deque index out of range
2025-06-06 17:39:01 - ERROR - Error processing 10000SATSUSDT: deque index out of range
2025-06-06 17:39:01 - ERROR - Error processing 10000WENUSDT: deque index out of range
2025-06-06 17:39:01 - ERROR - Error processing 10000WHYUSDT: deque index out of range
2025-06-06 17:39:01 - ERROR - Error processing 1000APUUSDT: deque index out of range
2025-06-06 17:39:01 - ERROR - Error processing 1000BONKUSDT: deque index out of range
2025-06-06 17:39:01 - ERROR - Error processing 1000BTTUSDT: deque index out of range
2025-06-06 17:39:01 - ERROR - Error processing 1000CATSUSDT: deque index out of range
2025-06-06 17:39:01 - ERROR - Error processing 1000CATUSDT: deque index out of range
2025-06-06 17:39:01 - ERROR - Error processing 1000FLOKIUSDT: deque index out of range
2025-06-06 17:39:01 - ERROR - Error processing 1000LUNCUSDT: deque index out of range
2025-06-06 17:39:01 - ERROR - Error processing 1000NEIROCTOUSDT: deque index out of range
2025-06-06 17:39:01 - ERROR - Error processing 1000MUMUUSDT: deque index out of range
2025-06-06 17:39:01 - ERROR - Error processing 1000RATSUSDT: deque index out of range
2025-06-06 17:39:01 - ERROR - Error processing 1000PEPEUSDT: deque index out of range
2025-06-06 17:39:01 - ERROR - Error processing 1000TOSHIUSDT: deque index out of range
2025-06-06 17:39:01 - ERROR - Error processing 1000TURBOUSDT: deque index out of range
2025-06-06 17:39:01 - ERROR - Error processing 1000XECUSDT: deque index out of range
2025-06-06 17:39:01 - ERROR - Error processing 1000XUSDT: deque index out of range
2025-06-06 17:39:01 - ERROR - Error processing 1INCHUSDT: deque index out of range
2025-06-06 17:39:01 - ERROR - Error processing A8USDT: deque index out of range
2025-06-06 17:39:01 - ERROR - Error processing AAVEUSDT: deque index out of range
2025-06-06 17:39:01 - ERROR - Error processing ACEUSDT: deque index out of range
2025-06-06 17:39:01 - ERROR - Error processing ACHUSDT: deque index out of range
2025-06-06 17:39:01 - ERROR - Error processing ACTUSDT: deque index out of range
2025-06-06 17:39:01 - ERROR - Error processing ACXUSDT: deque index out of range
2025-06-06 17:39:01 - ERROR - Error processing ADAUSDT: deque index out of range
2025-06-06 17:39:01 - ERROR - Error processing AERGOUSDT: deque index out of range
2025-06-06 17:39:01 - ERROR - Error processing AEROUSDT: deque index out of range
2025-06-06 17:39:01 - ERROR - Error processing AEVOUSDT: deque index out of range
2025-06-06 17:39:01 - ERROR - Error processing AGIUSDT: deque index out of range
2025-06-06 17:39:01 - ERROR - Error processing AGLDUSDT: deque index out of range
2025-06-06 17:39:01 - ERROR - Error processing AGTUSDT: deque index out of range
2025-06-06 17:39:01 - ERROR - Error processing AI16ZUSDT: deque index out of range
2025-06-06 17:39:01 - ERROR - Error processing AIOZUSDT: deque index out of range
2025-06-06 17:39:01 - ERROR - Error processing AIUSDT: deque index out of range
2025-06-06 17:39:01 - ERROR - Error processing AIXBTUSDT: deque index out of range
2025-06-06 17:39:01 - ERROR - Error processing AKTUSDT: deque index out of range
2025-06-06 17:39:01 - ERROR - Error processing ALCHUSDT: deque index out of range
2025-06-06 17:39:01 - ERROR - Error processing ALEOUSDT: deque index out of range
2025-06-06 17:39:01 - ERROR - Error processing ALGOUSDT: deque index out of range
2025-06-06 17:39:01 - ERROR - Error processing ALICEUSDT: deque index out of range
2025-06-06 17:39:01 - ERROR - Error processing ALPHAUSDT: deque index out of range
2025-06-06 17:39:01 - ERROR - Error processing ALTUSDT: deque index out of range
2025-06-06 17:39:01 - ERROR - Error processing ANIMEUSDT: deque index out of range
2025-06-06 17:39:01 - ERROR - Error processing ANKRUSDT: deque index out of range
2025-06-06 17:39:01 - ERROR - Error processing APEUSDT: deque index out of range
2025-06-06 17:39:01 - ERROR - Error processing API3USDT: deque index out of range
2025-06-06 17:39:01 - ERROR - Error processing APTUSDT: deque index out of range
2025-06-06 17:39:01 - ERROR - Error processing ARBUSDT: deque index out of range
2025-06-06 17:39:01 - ERROR - Error processing ARCUSDT: deque index out of range
2025-06-06 17:39:01 - ERROR - Error processing ARKMUSDT: deque index out of range
2025-06-06 17:39:01 - ERROR - Error processing ARKUSDT: deque index out of range
2025-06-06 17:39:01 - ERROR - Error processing ARPAUSDT: deque index out of range
2025-06-06 17:39:01 - ERROR - Error processing ARUSDT: deque index out of range
2025-06-06 17:39:01 - ERROR - Error processing ASTRUSDT: deque index out of range
2025-06-06 17:39:01 - ERROR - Error processing ATAUSDT: deque index out of range
2025-06-06 17:39:01 - ERROR - Error processing ATHUSDT: deque index out of range
2025-06-06 17:39:01 - ERROR - Error processing ATOMUSDT: deque index out of range
2025-06-06 17:39:01 - ERROR - Error processing AUCTIONUSDT: deque index out of range
2025-06-06 17:39:01 - ERROR - Error processing AUDIOUSDT: deque index out of range
2025-06-06 17:39:01 - ERROR - Error processing AUSDT: deque index out of range
2025-06-06 17:39:01 - ERROR - Error processing AVAAIUSDT: deque index out of range
2025-06-06 17:39:01 - ERROR - Error processing AVAILUSDT: deque index out of range
2025-06-06 17:39:01 - ERROR - Error processing AVAUSDT: deque index out of range
2025-06-06 17:39:01 - ERROR - Error processing AVAXUSDT: deque index out of range
2025-06-06 17:39:01 - ERROR - Error processing AVLUSDT: deque index out of range
2025-06-06 17:39:01 - ERROR - Error processing AWEUSDT: deque index out of range
2025-06-06 17:39:01 - ERROR - Error processing AXLUSDT: deque index out of range
2025-06-06 17:39:01 - ERROR - Error processing AXSUSDT: deque index out of range
2025-06-06 17:39:01 - ERROR - Error processing B3USDT: deque index out of range
2025-06-06 17:39:01 - ERROR - Error processing BABYUSDT: deque index out of range
2025-06-06 17:39:01 - ERROR - Error processing BADGERUSDT: deque index out of range
2025-06-06 17:39:01 - ERROR - Error processing BAKEUSDT: deque index out of range
2025-06-06 17:39:01 - ERROR - Error processing ALUUSDT: deque index out of range
2025-06-06 17:39:01 - ERROR - Error processing BALUSDT: deque index out of range
2025-06-06 17:39:01 - ERROR - Error processing BANANAS31USDT: deque index out of range
2025-06-06 17:39:01 - ERROR - Error processing BANDUSDT: deque index out of range
2025-06-06 17:39:01 - ERROR - Error processing BANANAUSDT: deque index out of range
2025-06-06 17:39:01 - ERROR - Error processing BANKUSDT: deque index out of range
2025-06-06 17:39:01 - ERROR - Error processing BANUSDT: deque index out of range
2025-06-06 17:39:01 - ERROR - Error processing BATUSDT: deque index out of range
2025-06-06 17:39:01 - ERROR - Error processing BBUSDT: deque index out of range
2025-06-06 17:39:01 - ERROR - Error processing BCHUSDT: deque index out of range
2025-06-06 17:39:01 - ERROR - Error processing BDXNUSDT: deque index out of range
2025-06-06 17:39:01 - ERROR - Error processing BEAMUSDT: deque index out of range
2025-06-06 17:39:01 - ERROR - Error processing BELUSDT: deque index out of range
2025-06-06 17:39:01 - ERROR - Error processing BERAUSDT: deque index out of range
2025-06-06 17:39:01 - ERROR - Error processing BICOUSDT: deque index out of range
2025-06-06 17:39:01 - ERROR - Error processing BIGTIMEUSDT: deque index out of range
2025-06-06 17:39:01 - ERROR - Error processing BIOUSDT: deque index out of range
2025-06-06 17:39:01 - ERROR - Error processing BLASTUSDT: deque index out of range
2025-06-06 17:39:01 - ERROR - Error processing BLURUSDT: deque index out of range
2025-06-06 17:39:01 - ERROR - Error processing BMTUSDT: deque index out of range
2025-06-06 17:39:01 - ERROR - Error processing BNTUSDT: deque index out of range
2025-06-06 17:39:01 - ERROR - Error processing BOMEUSDT: deque index out of range
2025-06-06 17:39:01 - ERROR - Error processing BRETTUSDT: deque index out of range
2025-06-06 17:39:01 - ERROR - Error processing BROCCOLIUSDT: deque index out of range
2025-06-06 17:39:01 - ERROR - Error processing BOBAUSDT: deque index out of range
2025-06-06 17:39:01 - ERROR - Error processing BRUSDT: deque index out of range
2025-06-06 17:39:01 - ERROR - Error processing BSVUSDT: deque index out of range
2025-06-06 17:39:01 - ERROR - Error processing BSWUSDT: deque index out of range
2025-06-06 17:39:01 - ERROR - Error processing BTCUSDT: deque index out of range
2025-06-06 17:39:01 - ERROR - Error processing BUSDT: deque index out of range
2025-06-06 17:39:01 - ERROR - Error processing C98USDT: deque index out of range
2025-06-06 17:39:01 - ERROR - Error processing CAKEUSDT: deque index out of range
2025-06-06 17:39:01 - ERROR - Error processing CARVUSDT: deque index out of range
2025-06-06 17:39:01 - ERROR - Error processing CATIUSDT: deque index out of range
2025-06-06 17:39:01 - ERROR - Error processing CELOUSDT: deque index out of range
2025-06-06 17:39:01 - ERROR - Error processing CELRUSDT: deque index out of range
2025-06-06 17:39:01 - ERROR - Error processing CETUSUSDT: deque index out of range
2025-06-06 17:39:01 - ERROR - Error processing CFXUSDT: deque index out of range
2025-06-06 17:39:01 - ERROR - Error processing CGPTUSDT: deque index out of range
2025-06-06 17:39:01 - ERROR - Error processing CHESSUSDT: deque index out of range
2025-06-06 17:39:01 - ERROR - Error processing CHILLGUYUSDT: deque index out of range
2025-06-06 17:39:01 - ERROR - Error processing CHZUSDT: deque index out of range
2025-06-06 17:39:01 - ERROR - Error processing CHRUSDT: deque index out of range
2025-06-06 17:39:01 - ERROR - Error processing CKBUSDT: deque index out of range
2025-06-06 17:39:01 - ERROR - Error processing CLANKERUSDT: deque index out of range
2025-06-06 17:39:01 - ERROR - Error processing CLOUDUSDT: deque index out of range
2025-06-06 17:39:01 - ERROR - Error processing COMPUSDT: deque index out of range
2025-06-06 17:39:01 - ERROR - Error processing COOKIEUSDT: deque index out of range
2025-06-06 17:39:01 - ERROR - Error processing COOKUSDT: deque index out of range
2025-06-06 17:39:01 - ERROR - Error processing COREUSDT: deque index out of range
2025-06-06 17:39:01 - ERROR - Error processing BNBUSDT: deque index out of range
2025-06-06 17:39:01 - ERROR - Error processing COSUSDT: deque index out of range
2025-06-06 17:39:01 - ERROR - Error processing COTIUSDT: deque index out of range
2025-06-06 17:39:01 - ERROR - Error processing COWUSDT: deque index out of range
2025-06-06 17:39:01 - ERROR - Error processing CPOOLUSDT: deque index out of range
2025-06-06 17:39:01 - ERROR - Error processing CROUSDT: deque index out of range
2025-06-06 17:39:01 - ERROR - Error processing CRVUSDT: deque index out of range
2025-06-06 17:39:01 - ERROR - Error processing CTCUSDT: deque index out of range
2025-06-06 17:39:01 - ERROR - Error processing CTKUSDT: deque index out of range
2025-06-06 17:39:01 - ERROR - Error processing CTSIUSDT: deque index out of range
2025-06-06 17:39:01 - ERROR - Error processing CVCUSDT: deque index out of range
2025-06-06 17:39:01 - ERROR - Error processing CVXUSDT: deque index out of range
2025-06-06 17:39:01 - ERROR - Error processing CYBERUSDT: deque index out of range
2025-06-06 17:39:01 - ERROR - Error processing DARKUSDT: deque index out of range
2025-06-06 17:39:01 - ERROR - Error processing DASHUSDT: deque index out of range
2025-06-06 17:39:01 - ERROR - Error processing DBRUSDT: deque index out of range
2025-06-06 17:39:01 - ERROR - Error processing DEEPUSDT: deque index out of range
2025-06-06 17:39:01 - ERROR - Error processing DEGENUSDT: deque index out of range
2025-06-06 17:39:01 - ERROR - Error processing DENTUSDT: deque index out of range
2025-06-06 17:39:01 - ERROR - Error processing DEXEUSDT: deque index out of range
2025-06-06 17:39:01 - ERROR - Error processing DODOUSDT: deque index out of range
2025-06-06 17:39:01 - ERROR - Error processing DOGEUSDT: deque index out of range
2025-06-06 17:39:01 - ERROR - Error processing DOGSUSDT: deque index out of range
2025-06-06 17:39:01 - ERROR - Error processing DOGUSDT: deque index out of range
2025-06-06 17:39:01 - ERROR - Error processing DOODUSDT: deque index out of range
2025-06-06 17:39:01 - ERROR - Error processing DOTUSDT: deque index out of range
2025-06-06 17:39:01 - ERROR - Error processing DRIFTUSDT: deque index out of range
2025-06-06 17:39:01 - ERROR - Error processing DUCKUSDT: deque index out of range
2025-06-06 17:39:01 - ERROR - Error processing DUSKUSDT: deque index out of range
2025-06-06 17:39:01 - ERROR - Error processing DYDXUSDT: deque index out of range
2025-06-06 17:39:01 - ERROR - Error processing DYMUSDT: deque index out of range
2025-06-06 17:39:01 - ERROR - Error processing EDUUSDT: deque index out of range
2025-06-06 17:39:01 - ERROR - Error processing EGLDUSDT: deque index out of range
2025-06-06 17:39:01 - ERROR - Error processing EIGENUSDT: deque index out of range
2025-06-06 17:39:01 - ERROR - Error processing ELXUSDT: deque index out of range
2025-06-06 17:39:01 - ERROR - Error processing ENAUSDT: deque index out of range
2025-06-06 17:39:01 - ERROR - Error processing ENJUSDT: deque index out of range
2025-06-06 17:39:01 - ERROR - Error processing ENSUSDT: deque index out of range
2025-06-06 17:39:01 - ERROR - Error processing EPICUSDT: deque index out of range
2025-06-06 17:39:01 - ERROR - Error processing EPTUSDT: deque index out of range
2025-06-06 17:39:01 - ERROR - Error processing ETCUSDT: deque index out of range
2025-06-06 17:39:01 - ERROR - Error processing ETHBTCUSDT: deque index out of range
2025-06-06 17:39:01 - ERROR - Error processing ETHFIUSDT: deque index out of range
2025-06-06 17:39:01 - ERROR - Error processing ETHUSDT: deque index out of range
2025-06-06 17:39:01 - ERROR - Error processing ETHWUSDT: deque index out of range
2025-06-06 17:39:01 - ERROR - Error processing FARTCOINUSDT: deque index out of range
2025-06-06 17:39:01 - ERROR - Error processing FBUSDT: deque index out of range
2025-06-06 17:39:01 - ERROR - Error processing FHEUSDT: deque index out of range
2025-06-06 17:39:01 - ERROR - Error processing FIDAUSDT: deque index out of range
2025-06-06 17:39:01 - ERROR - Error processing FILUSDT: deque index out of range
2025-06-06 17:39:01 - ERROR - Error processing DGBUSDT: deque index out of range
2025-06-06 17:39:01 - ERROR - Error processing FIOUSDT: deque index out of range
2025-06-06 17:39:01 - ERROR - Error processing FLMUSDT: deque index out of range
2025-06-06 17:39:01 - ERROR - Error processing FLOCKUSDT: deque index out of range
2025-06-06 17:39:01 - ERROR - Error processing FLOWUSDT: deque index out of range
2025-06-06 17:39:01 - ERROR - Error processing FLRUSDT: deque index out of range
2025-06-06 17:39:01 - ERROR - Error processing FLUXUSDT: deque index out of range
2025-06-06 17:39:01 - ERROR - Error processing FORMUSDT: deque index out of range
2025-06-06 17:39:01 - ERROR - Error processing FORTHUSDT: deque index out of range
2025-06-06 17:39:01 - ERROR - Error processing FTNUSDT: deque index out of range
2025-06-06 17:39:01 - ERROR - Error processing FUELUSDT: deque index out of range
2025-06-06 17:39:01 - ERROR - Error processing FUSDT: deque index out of range
2025-06-06 17:39:01 - ERROR - Error processing FWOGUSDT: deque index out of range
2025-06-06 17:39:01 - ERROR - Error processing FXSUSDT: deque index out of range
2025-06-06 17:39:01 - ERROR - Error processing GALAUSDT: deque index out of range
2025-06-06 17:39:01 - ERROR - Error processing GASUSDT: deque index out of range
2025-06-06 17:39:01 - ERROR - Error processing GIGAUSDT: deque index out of range
2025-06-06 17:39:01 - ERROR - Error processing GLMRUSDT: deque index out of range
2025-06-06 17:39:01 - ERROR - Error processing GLMUSDT: deque index out of range
2025-06-06 17:39:01 - ERROR - Error processing GMTUSDT: deque index out of range
2025-06-06 17:39:01 - ERROR - Error processing GODSUSDT: deque index out of range
2025-06-06 17:39:01 - ERROR - Error processing GORKUSDT: deque index out of range
2025-06-06 17:39:01 - ERROR - Error processing GPSUSDT: deque index out of range
2025-06-06 17:39:01 - ERROR - Error processing GUSDT: deque index out of range
2025-06-06 17:39:01 - ERROR - Error processing HBARUSDT: deque index out of range
2025-06-06 17:39:01 - ERROR - Error processing HIPPOUSDT: deque index out of range
2025-06-06 17:39:01 - ERROR - Error processing HIVEUSDT: deque index out of range
2025-06-06 17:39:01 - ERROR - Error processing GRASSUSDT: deque index out of range
2025-06-06 17:39:01 - ERROR - Error processing GRIFFAINUSDT: deque index out of range
2025-06-06 17:39:01 - ERROR - Error processing GUNUSDT: deque index out of range
2025-06-06 17:39:01 - ERROR - Error processing HAEDALUSDT: deque index out of range
2025-06-06 17:39:01 - ERROR - Error processing HEIUSDT: deque index out of range
2025-06-06 17:39:01 - ERROR - Error processing HFTUSDT: deque index out of range
2025-06-06 17:39:01 - ERROR - Error processing HNTUSDT: deque index out of range
2025-06-06 17:39:01 - ERROR - Error processing IDEXUSDT: deque index out of range
2025-06-06 17:39:01 - ERROR - Error processing HOOKUSDT: deque index out of range
2025-06-06 17:39:01 - ERROR - Error processing ICXUSDT: deque index out of range
2025-06-06 17:39:01 - ERROR - Error processing GMXUSDT: deque index out of range
2025-06-06 17:39:01 - ERROR - Error processing GNOUSDT: deque index out of range
2025-06-06 17:39:01 - ERROR - Error processing GRTUSDT: deque index out of range
2025-06-06 17:39:01 - ERROR - Error processing GTCUSDT: deque index out of range
2025-06-06 17:39:01 - ERROR - Error processing HIFIUSDT: deque index out of range
2025-06-06 17:39:01 - ERROR - Error processing HIGHUSDT: deque index out of range
2025-06-06 17:39:01 - ERROR - Error processing HMSTRUSDT: deque index out of range
2025-06-06 17:39:01 - ERROR - Error processing HOTUSDT: deque index out of range
2025-06-06 17:39:01 - ERROR - Error processing HPOS10IUSDT: deque index out of range
2025-06-06 17:39:01 - ERROR - Error processing HUMAUSDT: deque index out of range
2025-06-06 17:39:01 - ERROR - Error processing HYPEUSDT: deque index out of range
2025-06-06 17:39:01 - ERROR - Error processing HYPERUSDT: deque index out of range
2025-06-06 17:39:01 - ERROR - Error processing ICPUSDT: deque index out of range
2025-06-06 17:39:01 - ERROR - Error processing GOATUSDT: deque index out of range
2025-06-06 17:39:01 - ERROR - Error processing IDUSDT: deque index out of range
2025-06-06 17:39:01 - ERROR - Error processing ILVUSDT: deque index out of range
2025-06-06 17:39:01 - ERROR - Error processing IMXUSDT: deque index out of range
2025-06-06 17:39:01 - ERROR - Error processing INITUSDT: deque index out of range
2025-06-06 17:39:01 - ERROR - Error processing INJUSDT: deque index out of range
2025-06-06 17:39:01 - ERROR - Error processing IOSTUSDT: deque index out of range
2025-06-06 17:39:01 - ERROR - Error processing IOTAUSDT: deque index out of range
2025-06-06 17:39:01 - ERROR - Error processing IOTXUSDT: deque index out of range
2025-06-06 17:39:01 - ERROR - Error processing IOUSDT: deque index out of range
2025-06-06 17:39:01 - ERROR - Error processing IPUSDT: deque index out of range
2025-06-06 17:39:01 - ERROR - Error processing JASMYUSDT: deque index out of range
2025-06-06 17:39:01 - ERROR - Error processing JELLYJELLYUSDT: deque index out of range
2025-06-06 17:39:01 - ERROR - Error processing JOEUSDT: deque index out of range
2025-06-06 17:39:01 - ERROR - Error processing JSTUSDT: deque index out of range
2025-06-06 17:39:01 - ERROR - Error processing JTOUSDT: deque index out of range
2025-06-06 17:39:01 - ERROR - Error processing JUPUSDT: deque index out of range
2025-06-06 17:39:01 - ERROR - Error processing JUSDT: deque index out of range
2025-06-06 17:39:01 - ERROR - Error processing KAIAUSDT: deque index out of range
2025-06-06 17:39:01 - ERROR - Error processing KAITOUSDT: deque index out of range
2025-06-06 17:39:01 - ERROR - Error processing KAVAUSDT: deque index out of range
2025-06-06 17:39:01 - ERROR - Error processing KDAUSDT: deque index out of range
2025-06-06 17:39:01 - ERROR - Error processing KERNELUSDT: deque index out of range
2025-06-06 17:39:01 - ERROR - Error processing KMNOUSDT: deque index out of range
2025-06-06 17:39:01 - ERROR - Error processing KNCUSDT: deque index out of range
2025-06-06 17:39:01 - ERROR - Error processing KOMAUSDT: deque index out of range
2025-06-06 17:39:01 - ERROR - Error processing KSMUSDT: deque index out of range
2025-06-06 17:39:01 - ERROR - Error processing L3USDT: deque index out of range
2025-06-06 17:39:01 - ERROR - Error processing LAUNCHCOINUSDT: deque index out of range
2025-06-06 17:39:01 - ERROR - Error processing LAUSDT: deque index out of range
2025-06-06 17:39:01 - ERROR - Error processing LDOUSDT: deque index out of range
2025-06-06 17:39:01 - ERROR - Error processing LEVERUSDT: deque index out of range
2025-06-06 17:39:01 - ERROR - Error processing LINKUSDT: deque index out of range
2025-06-06 17:39:01 - ERROR - Error processing LISTAUSDT: deque index out of range
2025-06-06 17:39:01 - ERROR - Error processing LOOKSUSDT: deque index out of range
2025-06-06 17:39:01 - ERROR - Error processing LPTUSDT: deque index out of range
2025-06-06 17:39:01 - ERROR - Error processing LQTYUSDT: deque index out of range
2025-06-06 17:39:01 - ERROR - Error processing LRCUSDT: deque index out of range
2025-06-06 17:39:01 - ERROR - Error processing LSKUSDT: deque index out of range
2025-06-06 17:39:01 - ERROR - Error processing LTCUSDT: deque index out of range
2025-06-06 17:39:01 - ERROR - Error processing LUMIAUSDT: deque index out of range
2025-06-06 17:39:01 - ERROR - Error processing LUNA2USDT: deque index out of range
2025-06-06 17:39:01 - ERROR - Error processing MAGICUSDT: deque index out of range
2025-06-06 17:39:01 - ERROR - Error processing MAJORUSDT: deque index out of range
2025-06-06 17:39:01 - ERROR - Error processing MANAUSDT: deque index out of range
2025-06-06 17:39:01 - ERROR - Error processing MANTAUSDT: deque index out of range
2025-06-06 17:39:01 - ERROR - Error processing MASAUSDT: deque index out of range
2025-06-06 17:39:01 - ERROR - Error processing MASKUSDT: deque index out of range
2025-06-06 17:39:01 - ERROR - Error processing MAVIAUSDT: deque index out of range
2025-06-06 17:39:01 - ERROR - Error processing MAVUSDT: deque index out of range
2025-06-06 17:39:01 - ERROR - Error processing KASUSDT: deque index out of range
2025-06-06 17:39:01 - ERROR - Error processing MBLUSDT: deque index out of range
2025-06-06 17:39:01 - ERROR - Error processing MBOXUSDT: deque index out of range
2025-06-06 17:39:01 - ERROR - Error processing MDTUSDT: deque index out of range
2025-06-06 17:39:01 - ERROR - Error processing MELANIAUSDT: deque index out of range
2025-06-06 17:39:01 - ERROR - Error processing MEMEUSDT: deque index out of range
2025-06-06 17:39:01 - ERROR - Error processing MERLUSDT: deque index out of range
2025-06-06 17:39:01 - ERROR - Error processing METISUSDT: deque index out of range
2025-06-06 17:39:01 - ERROR - Error processing MEUSDT: deque index out of range
2025-06-06 17:39:01 - ERROR - Error processing MEWUSDT: deque index out of range
2025-06-06 17:39:01 - ERROR - Error processing MICHIUSDT: deque index out of range
2025-06-06 17:39:01 - ERROR - Error processing MILKUSDT: deque index out of range
2025-06-06 17:39:01 - ERROR - Error processing MINAUSDT: deque index out of range
2025-06-06 17:39:01 - ERROR - Error processing MKRUSDT: deque index out of range
2025-06-06 17:39:01 - ERROR - Error processing MLNUSDT: deque index out of range
2025-06-06 17:39:01 - ERROR - Error processing MNTUSDT: deque index out of range
2025-06-06 17:39:01 - ERROR - Error processing MOBILEUSDT: deque index out of range
2025-06-06 17:39:01 - ERROR - Error processing MOCAUSDT: deque index out of range
2025-06-06 17:39:01 - ERROR - Error processing MOODENGUSDT: deque index out of range
2025-06-06 17:39:01 - ERROR - Error processing MORPHOUSDT: deque index out of range
2025-06-06 17:39:01 - ERROR - Error processing MOVRUSDT: deque index out of range
2025-06-06 17:39:01 - ERROR - Error processing MTLUSDT: deque index out of range
2025-06-06 17:39:01 - ERROR - Error processing MUBARAKUSDT: deque index out of range
2025-06-06 17:39:01 - ERROR - Error processing MVLUSDT: deque index out of range
2025-06-06 17:39:01 - ERROR - Error processing MYRIAUSDT: deque index out of range
2025-06-06 17:39:01 - ERROR - Error processing MYROUSDT: deque index out of range
2025-06-06 17:39:01 - ERROR - Error processing NCUSDT: deque index out of range
2025-06-06 17:39:01 - ERROR - Error processing NEIROETHUSDT: deque index out of range
2025-06-06 17:39:01 - ERROR - Error processing NEARUSDT: deque index out of range
2025-06-06 17:39:01 - ERROR - Error processing NEOUSDT: deque index out of range
2025-06-06 17:39:01 - ERROR - Error processing NFPUSDT: deque index out of range
2025-06-06 17:39:01 - ERROR - Error processing NILUSDT: deque index out of range
2025-06-06 17:39:01 - ERROR - Error processing NKNUSDT: deque index out of range
2025-06-06 17:39:01 - ERROR - Error processing NMRUSDT: deque index out of range
2025-06-06 17:39:01 - ERROR - Error processing NOTUSDT: deque index out of range
2025-06-06 17:39:01 - ERROR - Error processing NSUSDT: deque index out of range
2025-06-06 17:39:01 - ERROR - Error processing NTRNUSDT: deque index out of range
2025-06-06 17:39:01 - ERROR - Error processing NXPCUSDT: deque index out of range
2025-06-06 17:39:01 - ERROR - Error processing OBOLUSDT: deque index out of range
2025-06-06 17:39:01 - ERROR - Error processing OBTUSDT: deque index out of range
2025-06-06 17:39:01 - ERROR - Error processing OGNUSDT: deque index out of range
2025-06-06 17:39:01 - ERROR - Error processing OGUSDT: deque index out of range
2025-06-06 17:39:01 - ERROR - Error processing OLUSDT: deque index out of range
2025-06-06 17:39:01 - ERROR - Error processing OMNIUSDT: deque index out of range
2025-06-06 17:39:01 - ERROR - Error processing OMUSDT: deque index out of range
2025-06-06 17:39:01 - ERROR - Error processing ONDOUSDT: deque index out of range
2025-06-06 17:39:01 - ERROR - Error processing ONEUSDT: deque index out of range
2025-06-06 17:39:01 - ERROR - Error processing ONGUSDT: deque index out of range
2025-06-06 17:39:01 - ERROR - Error processing ONTUSDT: deque index out of range
2025-06-06 17:39:01 - ERROR - Error processing OPUSDT: deque index out of range
2025-06-06 17:39:01 - ERROR - Error processing MOVEUSDT: deque index out of range
2025-06-06 17:39:01 - ERROR - Error processing ORBSUSDT: deque index out of range
2025-06-06 17:39:02 - ERROR - Error processing ORCAUSDT: deque index out of range
2025-06-06 17:39:02 - ERROR - Error processing ORDERUSDT: deque index out of range
2025-06-06 17:39:02 - ERROR - Error processing ORDIUSDT: deque index out of range
2025-06-06 17:39:02 - ERROR - Error processing OSMOUSDT: deque index out of range
2025-06-06 17:39:02 - ERROR - Error processing OXTUSDT: deque index out of range
2025-06-06 17:39:02 - ERROR - Error processing PARTIUSDT: deque index out of range
2025-06-06 17:39:02 - ERROR - Error processing PAXGUSDT: deque index out of range
2025-06-06 17:39:02 - ERROR - Error processing PEAQUSDT: deque index out of range
2025-06-06 17:39:02 - ERROR - Error processing PENDLEUSDT: deque index out of range
2025-06-06 17:39:02 - ERROR - Error processing PENGUUSDT: deque index out of range
2025-06-06 17:39:02 - ERROR - Error processing PEOPLEUSDT: deque index out of range
2025-06-06 17:39:02 - ERROR - Error processing PERPUSDT: deque index out of range
2025-06-06 17:39:02 - ERROR - Error processing PHAUSDT: deque index out of range
2025-06-06 17:39:02 - ERROR - Error processing PHBUSDT: deque index out of range
2025-06-06 17:39:02 - ERROR - Error processing PIPPINUSDT: deque index out of range
2025-06-06 17:39:02 - ERROR - Error processing PIXELUSDT: deque index out of range
2025-06-06 17:39:02 - ERROR - Error processing PLUMEUSDT: deque index out of range
2025-06-06 17:39:02 - ERROR - Error processing PNUTUSDT: deque index out of range
2025-06-06 17:39:02 - ERROR - Error processing POLYXUSDT: deque index out of range
2025-06-06 17:39:02 - ERROR - Error processing PONKEUSDT: deque index out of range
2025-06-06 17:39:02 - ERROR - Error processing POPCATUSDT: deque index out of range
2025-06-06 17:39:02 - ERROR - Error processing PORTALUSDT: deque index out of range
2025-06-06 17:39:02 - ERROR - Error processing POWRUSDT: deque index out of range
2025-06-06 17:39:02 - ERROR - Error processing PRAIUSDT: deque index out of range
2025-06-06 17:39:02 - ERROR - Error processing PRCLUSDT: deque index out of range
2025-06-06 17:39:02 - ERROR - Error processing PRIMEUSDT: deque index out of range
2025-06-06 17:39:02 - ERROR - Error processing PROMPTUSDT: deque index out of range
2025-06-06 17:39:02 - ERROR - Error processing PROMUSDT: deque index out of range
2025-06-06 17:39:02 - ERROR - Error processing PUFFERUSDT: deque index out of range
2025-06-06 17:39:02 - ERROR - Error processing PUMPBTCUSDT: deque index out of range
2025-06-06 17:39:02 - ERROR - Error processing PUNDIXUSDT: deque index out of range
2025-06-06 17:39:02 - ERROR - Error processing PYRUSDT: deque index out of range
2025-06-06 17:39:02 - ERROR - Error processing PYTHUSDT: deque index out of range
2025-06-06 17:39:02 - ERROR - Error processing QIUSDT: deque index out of range
2025-06-06 17:39:02 - ERROR - Error processing QNTUSDT: deque index out of range
2025-06-06 17:39:02 - ERROR - Error processing QTUMUSDT: deque index out of range
2025-06-06 17:39:02 - ERROR - Error processing QUICKUSDT: deque index out of range
2025-06-06 17:39:02 - ERROR - Error processing RADUSDT: deque index out of range
2025-06-06 17:39:02 - ERROR - Error processing RAREUSDT: deque index out of range
2025-06-06 17:39:02 - ERROR - Error processing RAYDIUMUSDT: deque index out of range
2025-06-06 17:39:02 - ERROR - Error processing RDNTUSDT: deque index out of range
2025-06-06 17:39:02 - ERROR - Error processing REDUSDT: deque index out of range
2025-06-06 17:39:02 - ERROR - Error processing RENDERUSDT: deque index out of range
2025-06-06 17:39:02 - ERROR - Error processing REQUSDT: deque index out of range
2025-06-06 17:39:02 - ERROR - Error processing REXUSDT: deque index out of range
2025-06-06 17:39:02 - ERROR - Error processing REZUSDT: deque index out of range
2025-06-06 17:39:02 - ERROR - Error processing RFCUSDT: deque index out of range
2025-06-06 17:39:02 - ERROR - Error processing RIFUSDT: deque index out of range
2025-06-06 17:39:02 - ERROR - Error processing POLUSDT: deque index out of range
2025-06-06 17:39:02 - ERROR - Error processing RLCUSDT: deque index out of range
2025-06-06 17:39:02 - ERROR - Error processing ROAMUSDT: deque index out of range
2025-06-06 17:39:02 - ERROR - Error processing RONINUSDT: deque index out of range
2025-06-06 17:39:02 - ERROR - Error processing ROSEUSDT: deque index out of range
2025-06-06 17:39:02 - ERROR - Error processing RPLUSDT: deque index out of range
2025-06-06 17:39:02 - ERROR - Error processing RSRUSDT: deque index out of range
2025-06-06 17:39:02 - ERROR - Error processing RSS3USDT: deque index out of range
2025-06-06 17:39:02 - ERROR - Error processing RUNEUSDT: deque index out of range
2025-06-06 17:39:02 - ERROR - Error processing RVNUSDT: deque index out of range
2025-06-06 17:39:02 - ERROR - Error processing SAFEUSDT: deque index out of range
2025-06-06 17:39:02 - ERROR - Error processing SAGAUSDT: deque index out of range
2025-06-06 17:39:02 - ERROR - Error processing SANDUSDT: deque index out of range
2025-06-06 17:39:02 - ERROR - Error processing SAROSUSDT: deque index out of range
2025-06-06 17:39:02 - ERROR - Error processing SCAUSDT: deque index out of range
2025-06-06 17:39:02 - ERROR - Error processing SCRTUSDT: deque index out of range
2025-06-06 17:39:02 - ERROR - Error processing SCRUSDT: deque index out of range
2025-06-06 17:39:02 - ERROR - Error processing SCUSDT: deque index out of range
2025-06-06 17:39:02 - ERROR - Error processing SDUSDT: deque index out of range
2025-06-06 17:39:02 - ERROR - Error processing SEIUSDT: deque index out of range
2025-06-06 17:39:02 - ERROR - Error processing SERAPHUSDT: deque index out of range
2025-06-06 17:39:02 - ERROR - Error processing SFPUSDT: deque index out of range
2025-06-06 17:39:02 - ERROR - Error processing SHELLUSDT: deque index out of range
2025-06-06 17:39:02 - ERROR - Error processing SHIB1000USDT: deque index out of range
2025-06-06 17:39:02 - ERROR - Error processing SIGNUSDT: deque index out of range
2025-06-06 17:39:02 - ERROR - Error processing SIRENUSDT: deque index out of range
2025-06-06 17:39:02 - ERROR - Error processing SKLUSDT: deque index out of range
2025-06-06 17:39:02 - ERROR - Error processing SKYAIUSDT: deque index out of range
2025-06-06 17:39:02 - ERROR - Error processing SLERFUSDT: deque index out of range
2025-06-06 17:39:02 - ERROR - Error processing SLFUSDT: deque index out of range
2025-06-06 17:39:02 - ERROR - Error processing SLPUSDT: deque index out of range
2025-06-06 17:39:02 - ERROR - Error processing SNTUSDT: deque index out of range
2025-06-06 17:39:02 - ERROR - Error processing SNXUSDT: deque index out of range
2025-06-06 17:39:02 - ERROR - Error processing SOLAYERUSDT: deque index out of range
2025-06-06 17:39:02 - ERROR - Error processing SOLOUSDT: deque index out of range
2025-06-06 17:39:02 - ERROR - Error processing SOLUSDT: deque index out of range
2025-06-06 17:39:02 - ERROR - Error processing SOLVUSDT: deque index out of range
2025-06-06 17:39:02 - ERROR - Error processing SONICUSDT: deque index out of range
2025-06-06 17:39:02 - ERROR - Error processing SOONUSDT: deque index out of range
2025-06-06 17:39:02 - ERROR - Error processing SOPHUSDT: deque index out of range
2025-06-06 17:39:02 - ERROR - Error processing SPECUSDT: deque index out of range
2025-06-06 17:39:02 - ERROR - Error processing SPELLUSDT: deque index out of range
2025-06-06 17:39:02 - ERROR - Error processing SPXUSDT: deque index out of range
2025-06-06 17:39:02 - ERROR - Error processing SSVUSDT: deque index out of range
2025-06-06 17:39:02 - ERROR - Error processing STEEMUSDT: deque index out of range
2025-06-06 17:39:02 - ERROR - Error processing STGUSDT: deque index out of range
2025-06-06 17:39:02 - ERROR - Error processing STORJUSDT: deque index out of range
2025-06-06 17:39:02 - ERROR - Error processing STOUSDT: deque index out of range
2025-06-06 17:39:02 - ERROR - Error processing STRKUSDT: deque index out of range
2025-06-06 17:39:02 - ERROR - Error processing STXUSDT: deque index out of range
2025-06-06 17:39:02 - ERROR - Error processing SENDUSDT: deque index out of range
2025-06-06 17:39:02 - ERROR - Error processing SUIUSDT: deque index out of range
2025-06-06 17:39:02 - ERROR - Error processing SUNDOGUSDT: deque index out of range
2025-06-06 17:39:02 - ERROR - Error processing SUNUSDT: deque index out of range
2025-06-06 17:39:02 - ERROR - Error processing SUPERUSDT: deque index out of range
2025-06-06 17:39:02 - ERROR - Error processing SUSDT: deque index out of range
2025-06-06 17:39:02 - ERROR - Error processing SUSHIUSDT: deque index out of range
2025-06-06 17:39:02 - ERROR - Error processing SWARMSUSDT: deque index out of range
2025-06-06 17:39:02 - ERROR - Error processing SWEATUSDT: deque index out of range
2025-06-06 17:39:02 - ERROR - Error processing SWELLUSDT: deque index out of range
2025-06-06 17:39:02 - ERROR - Error processing SXPUSDT: deque index out of range
2025-06-06 17:39:02 - ERROR - Error processing SXTUSDT: deque index out of range
2025-06-06 17:39:02 - ERROR - Error processing SYNUSDT: deque index out of range
2025-06-06 17:39:02 - ERROR - Error processing SYRUPUSDT: deque index out of range
2025-06-06 17:39:02 - ERROR - Error processing SYSUSDT: deque index out of range
2025-06-06 17:39:02 - ERROR - Error processing TAIKOUSDT: deque index out of range
2025-06-06 17:39:02 - ERROR - Error processing TAIUSDT: deque index out of range
2025-06-06 17:39:02 - ERROR - Error processing TAOUSDT: deque index out of range
2025-06-06 17:39:02 - ERROR - Error processing THETAUSDT: deque index out of range
2025-06-06 17:39:02 - ERROR - Error processing THEUSDT: deque index out of range
2025-06-06 17:39:02 - ERROR - Error processing TLMUSDT: deque index out of range
2025-06-06 17:39:02 - ERROR - Error processing TNSRUSDT: deque index out of range
2025-06-06 17:39:02 - ERROR - Error processing TOKENUSDT: deque index out of range
2025-06-06 17:39:02 - ERROR - Error processing TONUSDT: deque index out of range
2025-06-06 17:39:02 - ERROR - Error processing TRBUSDT: deque index out of range
2025-06-06 17:39:02 - ERROR - Error processing TRUMPUSDT: deque index out of range
2025-06-06 17:39:02 - ERROR - Error processing TRUUSDT: deque index out of range
2025-06-06 17:39:02 - ERROR - Error processing TRXUSDT: deque index out of range
2025-06-06 17:39:02 - ERROR - Error processing TSTBSCUSDT: deque index out of range
2025-06-06 17:39:02 - ERROR - Error processing TUSDT: deque index out of range
2025-06-06 17:39:02 - ERROR - Error processing TUTUSDT: deque index out of range
2025-06-06 17:39:02 - ERROR - Error processing TWTUSDT: deque index out of range
2025-06-06 17:39:02 - ERROR - Error processing UMAUSDT: deque index out of range
2025-06-06 17:39:02 - ERROR - Error processing UNIUSDT: deque index out of range
2025-06-06 17:39:02 - ERROR - Error processing USUALUSDT: deque index out of range
2025-06-06 17:39:02 - ERROR - Error processing UXLINKUSDT: deque index out of range
2025-06-06 17:39:02 - ERROR - Error processing VANAUSDT: deque index out of range
2025-06-06 17:39:02 - ERROR - Error processing VANRYUSDT: deque index out of range
2025-06-06 17:39:02 - ERROR - Error processing VELODROMEUSDT: deque index out of range
2025-06-06 17:39:02 - ERROR - Error processing VELOUSDT: deque index out of range
2025-06-06 17:39:02 - ERROR - Error processing VETUSDT: deque index out of range
2025-06-06 17:39:02 - ERROR - Error processing VICUSDT: deque index out of range
2025-06-06 17:39:02 - ERROR - Error processing VINEUSDT: deque index out of range
2025-06-06 17:39:02 - ERROR - Error processing VIRTUALUSDT: deque index out of range
2025-06-06 17:39:02 - ERROR - Error processing VOXELUSDT: deque index out of range
2025-06-06 17:39:02 - ERROR - Error processing VRUSDT: deque index out of range
2025-06-06 17:39:02 - ERROR - Error processing VTHOUSDT: deque index out of range
2025-06-06 17:39:02 - ERROR - Error processing VVVUSDT: deque index out of range
2025-06-06 17:39:02 - ERROR - Error processing WALUSDT: deque index out of range
2025-06-06 17:39:02 - ERROR - Error processing WAVESUSDT: deque index out of range
2025-06-06 17:39:02 - ERROR - Error processing TIAUSDT: deque index out of range
2025-06-06 17:39:02 - ERROR - Error processing WAXPUSDT: deque index out of range
2025-06-06 17:39:02 - ERROR - Error processing WCTUSDT: deque index out of range
2025-06-06 17:39:02 - ERROR - Error processing WIFUSDT: deque index out of range
2025-06-06 17:39:02 - ERROR - Error processing WLDUSDT: deque index out of range
2025-06-06 17:39:02 - ERROR - Error processing WOOUSDT: deque index out of range
2025-06-06 17:39:02 - ERROR - Error processing WUSDT: deque index out of range
2025-06-06 17:39:02 - ERROR - Error processing XAIUSDT: deque index out of range
2025-06-06 17:39:02 - ERROR - Error processing XAUTUSDT: deque index out of range
2025-06-06 17:39:02 - ERROR - Error processing XCHUSDT: deque index out of range
2025-06-06 17:39:02 - ERROR - Error processing XCNUSDT: deque index out of range
2025-06-06 17:39:02 - ERROR - Error processing XDCUSDT: deque index out of range
2025-06-06 17:39:02 - ERROR - Error processing XEMUSDT: deque index out of range
2025-06-06 17:39:02 - ERROR - Error processing XIONUSDT: deque index out of range
2025-06-06 17:39:02 - ERROR - Error processing XLMUSDT: deque index out of range
2025-06-06 17:39:02 - ERROR - Error processing XMRUSDT: deque index out of range
2025-06-06 17:39:02 - ERROR - Error processing XNOUSDT: deque index out of range
2025-06-06 17:39:02 - ERROR - Error processing XRDUSDT: deque index out of range
2025-06-06 17:39:02 - ERROR - Error processing XRPUSDT: deque index out of range
2025-06-06 17:39:02 - ERROR - Error processing XTERUSDT: deque index out of range
2025-06-06 17:39:02 - ERROR - Error processing XVGUSDT: deque index out of range
2025-06-06 17:39:02 - ERROR - Error processing YFIUSDT: deque index out of range
2025-06-06 17:39:02 - ERROR - Error processing XVSUSDT: deque index out of range
2025-06-06 17:39:02 - ERROR - Error processing YGGUSDT: deque index out of range
2025-06-06 17:39:02 - ERROR - Error processing ZBCNUSDT: deque index out of range
2025-06-06 17:39:02 - ERROR - Error processing ZECUSDT: deque index out of range
2025-06-06 17:39:02 - ERROR - Error processing ZENTUSDT: deque index out of range
2025-06-06 17:39:02 - ERROR - Error processing ZENUSDT: deque index out of range
2025-06-06 17:39:02 - ERROR - Error processing ZEREBROUSDT: deque index out of range
2025-06-06 17:39:02 - ERROR - Error processing ZETAUSDT: deque index out of range
2025-06-06 17:39:02 - ERROR - Error processing ZEUSUSDT: deque index out of range
2025-06-06 17:39:02 - ERROR - Error processing ZILUSDT: deque index out of range
2025-06-06 17:39:02 - ERROR - Error processing ZKJUSDT: deque index out of range
2025-06-06 17:39:02 - ERROR - Error processing ZKUSDT: deque index out of range
2025-06-06 17:39:02 - ERROR - Error processing ZORAUSDT: deque index out of range
2025-06-06 17:39:02 - ERROR - Error processing ZRCUSDT: deque index out of range
2025-06-06 17:39:02 - ERROR - Error processing ZROUSDT: deque index out of range
2025-06-06 17:39:02 - ERROR - Error processing ZRXUSDT: deque index out of range
2025-06-06 17:39:02 - ERROR - Error processing XTZUSDT: deque index out of range
2025-06-06 18:43:11 - ERROR - Order error: Order does not meet minimum order value 5USDT (ErrCode: 110094) (ErrTime: 16:43:11).
Request → POST https://api-demo.bybit.com/v5/order/create: {"category": "linear", "symbol": "WOOUSDT", "side": "Buy", "orderType": "Market", "qty": "66.3", "timeInForce": "GTC", "reduceOnly": false, "stopLoss": "0.07"}.
2025-06-06 18:44:11 - ERROR - Order error: Order does not meet minimum order value 5USDT (ErrCode: 110094) (ErrTime: 16:44:11).
Request → POST https://api-demo.bybit.com/v5/order/create: {"category": "linear", "symbol": "WOOUSDT", "side": "Buy", "orderType": "Market", "qty": "66.4", "timeInForce": "GTC", "reduceOnly": false, "stopLoss": "0.07"}.
2025-06-06 23:20:12 - ERROR - Order error: Order does not meet minimum order value 5USDT (ErrCode: 110094) (ErrTime: 21:20:12).
Request → POST https://api-demo.bybit.com/v5/order/create: {"category": "linear", "symbol": "SUNUSDT", "side": "Sell", "orderType": "Market", "qty": "260.0", "timeInForce": "GTC", "reduceOnly": false, "stopLoss": "0.02"}.
2025-06-06 23:28:11 - ERROR - Order error: Order does not meet minimum order value 5USDT (ErrCode: 110094) (ErrTime: 21:28:11).
Request → POST https://api-demo.bybit.com/v5/order/create: {"category": "linear", "symbol": "SUNUSDT", "side": "Sell", "orderType": "Market", "qty": "260.0", "timeInForce": "GTC", "reduceOnly": false, "stopLoss": "0.02"}.
2025-06-06 23:29:11 - ERROR - Order error: Order does not meet minimum order value 5USDT (ErrCode: 110094) (ErrTime: 21:29:11).
Request → POST https://api-demo.bybit.com/v5/order/create: {"category": "linear", "symbol": "SUNUSDT", "side": "Sell", "orderType": "Market", "qty": "260.0", "timeInForce": "GTC", "reduceOnly": false, "stopLoss": "0.02"}.
2025-06-07 00:35:12 - ERROR - Order error: Order does not meet minimum order value 5USDT (ErrCode: 110094) (ErrTime: 22:35:12).
Request → POST https://api-demo.bybit.com/v5/order/create: {"category": "linear", "symbol": "SNXUSDT", "side": "Sell", "orderType": "Market", "qty": "7.9", "timeInForce": "GTC", "reduceOnly": false, "stopLoss": "0.65"}.
2025-06-07 00:47:22 - ERROR - WebSocket error: [WinError 10054] An existing connection was forcibly closed by the remote host
2025-06-07 00:47:23 - ERROR - Ping error: Connection is already closed.
2025-06-07 00:54:09 - ERROR - Order error: StopLoss:5000000 set for Sell position should greater base_price:5130000??LastPrice (ErrCode: 10001) (ErrTime: 22:54:09).
Request → POST https://api-demo.bybit.com/v5/order/create: {"category": "linear", "symbol": "AWEUSDT", "side": "Sell", "orderType": "Market", "qty": "100.0", "timeInForce": "GTC", "reduceOnly": false, "stopLoss": "0.05"}.
2025-06-07 00:58:08 - ERROR - Order error: Order does not meet minimum order value 5USDT (ErrCode: 110094) (ErrTime: 22:58:08).
Request → POST https://api-demo.bybit.com/v5/order/create: {"category": "linear", "symbol": "BELUSDT", "side": "Sell", "orderType": "Market", "qty": "18.0", "timeInForce": "GTC", "reduceOnly": false, "stopLoss": "0.28"}.
2025-06-07 00:59:08 - ERROR - Order error: Order does not meet minimum order value 5USDT (ErrCode: 110094) (ErrTime: 22:59:08).
Request → POST https://api-demo.bybit.com/v5/order/create: {"category": "linear", "symbol": "BELUSDT", "side": "Sell", "orderType": "Market", "qty": "18.0", "timeInForce": "GTC", "reduceOnly": false, "stopLoss": "0.28"}.
2025-06-07 01:27:09 - ERROR - Order error: StopLoss:12000000 set for Sell position should greater base_price:12153000??LastPrice (ErrCode: 10001) (ErrTime: 23:27:09).
Request → POST https://api-demo.bybit.com/v5/order/create: {"category": "linear", "symbol": "CETUSUSDT", "side": "Sell", "orderType": "Market", "qty": "41.0", "timeInForce": "GTC", "reduceOnly": false, "stopLoss": "0.12"}.
2025-06-07 01:28:08 - ERROR - Order error: StopLoss:12000000 set for Sell position should greater base_price:12184000??LastPrice (ErrCode: 10001) (ErrTime: 23:28:08).
Request → POST https://api-demo.bybit.com/v5/order/create: {"category": "linear", "symbol": "CETUSUSDT", "side": "Sell", "orderType": "Market", "qty": "41.0", "timeInForce": "GTC", "reduceOnly": false, "stopLoss": "0.12"}.
2025-06-07 01:35:08 - ERROR - Order error: Order does not meet minimum order value 5USDT (ErrCode: 110094) (ErrTime: 23:35:08).
Request → POST https://api-demo.bybit.com/v5/order/create: {"category": "linear", "symbol": "ARCUSDT", "side": "Sell", "orderType": "Market", "qty": "139.0", "timeInForce": "GTC", "reduceOnly": false, "stopLoss": "0.04"}.
2025-06-07 01:39:08 - ERROR - Order error: Order does not meet minimum order value 5USDT (ErrCode: 110094) (ErrTime: 23:39:08).
Request → POST https://api-demo.bybit.com/v5/order/create: {"category": "linear", "symbol": "ARCUSDT", "side": "Sell", "orderType": "Market", "qty": "140.0", "timeInForce": "GTC", "reduceOnly": false, "stopLoss": "0.04"}.
2025-06-07 01:40:09 - ERROR - Order error: Order does not meet minimum order value 5USDT (ErrCode: 110094) (ErrTime: 23:40:09).
Request → POST https://api-demo.bybit.com/v5/order/create: {"category": "linear", "symbol": "BSWUSDT", "side": "Sell", "orderType": "Market", "qty": "195.0", "timeInForce": "GTC", "reduceOnly": false, "stopLoss": "0.03"}.
2025-06-07 01:40:13 - ERROR - Order error: StopLoss:1000000 set for Sell position should greater base_price:1293000??LastPrice (ErrCode: 10001) (ErrTime: 23:40:13).
Request → POST https://api-demo.bybit.com/v5/order/create: {"category": "linear", "symbol": "LOOKSUSDT", "side": "Sell", "orderType": "Market", "qty": "386.7", "timeInForce": "GTC", "reduceOnly": false, "stopLoss": "0.01"}.
2025-06-07 02:07:08 - ERROR - Order error: Order does not meet minimum order value 5USDT (ErrCode: 110094) (ErrTime: 00:07:08).
Request → POST https://api-demo.bybit.com/v5/order/create: {"category": "linear", "symbol": "BERAUSDT", "side": "Sell", "orderType": "Market", "qty": "2.0", "timeInForce": "GTC", "reduceOnly": false, "stopLoss": "2.28"}.
2025-06-07 02:08:08 - ERROR - Order error: Order does not meet minimum order value 5USDT (ErrCode: 110094) (ErrTime: 00:08:08).
Request → POST https://api-demo.bybit.com/v5/order/create: {"category": "linear", "symbol": "BERAUSDT", "side": "Sell", "orderType": "Market", "qty": "2.0", "timeInForce": "GTC", "reduceOnly": false, "stopLoss": "2.28"}.
2025-06-07 02:08:12 - ERROR - Order error: Order does not meet minimum order value 5USDT (ErrCode: 110094) (ErrTime: 00:08:12).
Request → POST https://api-demo.bybit.com/v5/order/create: {"category": "linear", "symbol": "PHAUSDT", "side": "Sell", "orderType": "Market", "qty": "42.0", "timeInForce": "GTC", "reduceOnly": false, "stopLoss": "0.12"}.
2025-06-07 02:09:08 - ERROR - Order error: Order does not meet minimum order value 5USDT (ErrCode: 110094) (ErrTime: 00:09:08).
Request → POST https://api-demo.bybit.com/v5/order/create: {"category": "linear", "symbol": "BERAUSDT", "side": "Sell", "orderType": "Market", "qty": "2.0", "timeInForce": "GTC", "reduceOnly": false, "stopLoss": "2.28"}.
2025-06-07 02:12:08 - ERROR - Order error: Order does not meet minimum order value 5USDT (ErrCode: 110094) (ErrTime: 00:12:08).
Request → POST https://api-demo.bybit.com/v5/order/create: {"category": "linear", "symbol": "BERAUSDT", "side": "Sell", "orderType": "Market", "qty": "2.0", "timeInForce": "GTC", "reduceOnly": false, "stopLoss": "2.28"}.
2025-06-07 02:13:08 - ERROR - Order error: Order does not meet minimum order value 5USDT (ErrCode: 110094) (ErrTime: 00:13:08).
Request → POST https://api-demo.bybit.com/v5/order/create: {"category": "linear", "symbol": "BERAUSDT", "side": "Sell", "orderType": "Market", "qty": "2.0", "timeInForce": "GTC", "reduceOnly": false, "stopLoss": "2.28"}.
2025-06-07 03:41:08 - ERROR - Order error: StopLoss:5000000 set for Sell position should greater base_price:5158000??LastPrice (ErrCode: 10001) (ErrTime: 01:41:08).
Request → POST https://api-demo.bybit.com/v5/order/create: {"category": "linear", "symbol": "AWEUSDT", "side": "Sell", "orderType": "Market", "qty": "100.0", "timeInForce": "GTC", "reduceOnly": false, "stopLoss": "0.05"}.
2025-06-07 03:43:08 - ERROR - Order error: StopLoss:5000000 set for Sell position should greater base_price:5174000??LastPrice (ErrCode: 10001) (ErrTime: 01:43:08).
Request → POST https://api-demo.bybit.com/v5/order/create: {"category": "linear", "symbol": "AWEUSDT", "side": "Sell", "orderType": "Market", "qty": "100.0", "timeInForce": "GTC", "reduceOnly": false, "stopLoss": "0.05"}.
2025-06-07 03:44:11 - ERROR - Order error: StopLoss:1000000 set for Sell position should greater base_price:1243800??LastPrice (ErrCode: 10001) (ErrTime: 01:44:11).
Request → POST https://api-demo.bybit.com/v5/order/create: {"category": "linear", "symbol": "SHIB1000USDT", "side": "Sell", "orderType": "Market", "qty": "400.0", "timeInForce": "GTC", "reduceOnly": false, "stopLoss": "0.01"}.
2025-06-07 03:55:07 - ERROR - Order error: Order does not meet minimum order value 5USDT (ErrCode: 110094) (ErrTime: 01:55:07).
Request → POST https://api-demo.bybit.com/v5/order/create: {"category": "linear", "symbol": "ACXUSDT", "side": "Sell", "orderType": "Market", "qty": "28.0", "timeInForce": "GTC", "reduceOnly": false, "stopLoss": "0.18"}.
2025-06-07 03:56:07 - ERROR - Order error: Order does not meet minimum order value 5USDT (ErrCode: 110094) (ErrTime: 01:56:07).
Request → POST https://api-demo.bybit.com/v5/order/create: {"category": "linear", "symbol": "ACXUSDT", "side": "Sell", "orderType": "Market", "qty": "28.0", "timeInForce": "GTC", "reduceOnly": false, "stopLoss": "0.18"}.
2025-06-07 06:38:09 - ERROR - Order error: StopLoss:1000000 set for Sell position should greater base_price:1390600??LastPrice (ErrCode: 10001) (ErrTime: 04:38:09).
Request → POST https://api-demo.bybit.com/v5/order/create: {"category": "linear", "symbol": "10000QUBICUSDT", "side": "Sell", "orderType": "Market", "qty": "360.0", "timeInForce": "GTC", "reduceOnly": false, "stopLoss": "0.01"}.
2025-06-07 06:43:08 - ERROR - Order error: StopLoss:1000000 set for Sell position should greater base_price:1390600??LastPrice (ErrCode: 10001) (ErrTime: 04:43:08).
Request → POST https://api-demo.bybit.com/v5/order/create: {"category": "linear", "symbol": "10000QUBICUSDT", "side": "Sell", "orderType": "Market", "qty": "360.0", "timeInForce": "GTC", "reduceOnly": false, "stopLoss": "0.01"}.
2025-06-07 06:44:06 - ERROR - Order error: StopLoss:1000000 set for Sell position should greater base_price:1390600??LastPrice (ErrCode: 10001) (ErrTime: 04:44:06).
Request → POST https://api-demo.bybit.com/v5/order/create: {"category": "linear", "symbol": "10000QUBICUSDT", "side": "Sell", "orderType": "Market", "qty": "360.0", "timeInForce": "GTC", "reduceOnly": false, "stopLoss": "0.01"}.
2025-06-07 11:09:09 - ERROR - Order error: Order does not meet minimum order value 5USDT (ErrCode: 110094) (ErrTime: 09:09:09).
Request → POST https://api-demo.bybit.com/v5/order/create: {"category": "linear", "symbol": "FLOCKUSDT", "side": "Sell", "orderType": "Market", "qty": "23.0", "timeInForce": "GTC", "reduceOnly": false, "stopLoss": "0.22"}.
2025-06-07 11:10:08 - ERROR - Order error: Order does not meet minimum order value 5USDT (ErrCode: 110094) (ErrTime: 09:10:08).
Request → POST https://api-demo.bybit.com/v5/order/create: {"category": "linear", "symbol": "FLOCKUSDT", "side": "Sell", "orderType": "Market", "qty": "23.0", "timeInForce": "GTC", "reduceOnly": false, "stopLoss": "0.22"}.
2025-06-07 11:11:09 - ERROR - Order error: Order does not meet minimum order value 5USDT (ErrCode: 110094) (ErrTime: 09:11:09).
Request → POST https://api-demo.bybit.com/v5/order/create: {"category": "linear", "symbol": "FLOCKUSDT", "side": "Sell", "orderType": "Market", "qty": "23.0", "timeInForce": "GTC", "reduceOnly": false, "stopLoss": "0.22"}.
2025-06-07 11:12:08 - ERROR - Order error: Order does not meet minimum order value 5USDT (ErrCode: 110094) (ErrTime: 09:12:08).
Request → POST https://api-demo.bybit.com/v5/order/create: {"category": "linear", "symbol": "FLOCKUSDT", "side": "Sell", "orderType": "Market", "qty": "23.0", "timeInForce": "GTC", "reduceOnly": false, "stopLoss": "0.22"}.
2025-06-07 11:56:09 - ERROR - Order error: Order does not meet minimum order value 5USDT (ErrCode: 110094) (ErrTime: 09:56:09).
Request → POST https://api-demo.bybit.com/v5/order/create: {"category": "linear", "symbol": "FIDAUSDT", "side": "Buy", "orderType": "Market", "qty": "77.0", "timeInForce": "GTC", "reduceOnly": false, "stopLoss": "0.06"}.
2025-06-07 17:39:09 - ERROR - Order error: Order does not meet minimum order value 5USDT (ErrCode: 110094) (ErrTime: 15:39:09).
Request → POST https://api-demo.bybit.com/v5/order/create: {"category": "linear", "symbol": "DASHUSDT", "side": "Buy", "orderType": "Market", "qty": "0.23", "timeInForce": "GTC", "reduceOnly": false, "stopLoss": "21.04"}.
2025-06-07 17:39:12 - ERROR - Order error: StopLoss:3000000 set for Buy position should lower than base_price:2827000??LastPrice (ErrCode: 10001) (ErrTime: 15:39:12).
Request → POST https://api-demo.bybit.com/v5/order/create: {"category": "linear", "symbol": "NKNUSDT", "side": "Buy", "orderType": "Market", "qty": "177.0", "timeInForce": "GTC", "reduceOnly": false, "stopLoss": "0.03"}.
2025-06-07 18:37:09 - ERROR - Order error: Order does not meet minimum order value 5USDT (ErrCode: 110094) (ErrTime: 16:37:09).
Request → POST https://api-demo.bybit.com/v5/order/create: {"category": "linear", "symbol": "ETHFIUSDT", "side": "Buy", "orderType": "Market", "qty": "4.3", "timeInForce": "GTC", "reduceOnly": false, "stopLoss": "1.13"}.
2025-06-07 19:12:11 - ERROR - Order error: Order does not meet minimum order value 5USDT (ErrCode: 110094) (ErrTime: 17:12:11).
Request → POST https://api-demo.bybit.com/v5/order/create: {"category": "linear", "symbol": "QNTUSDT", "side": "Sell", "orderType": "Market", "qty": "0.04", "timeInForce": "GTC", "reduceOnly": false, "stopLoss": "118.26"}.
2025-06-07 20:16:09 - ERROR - Order error: Order does not meet minimum order value 5USDT (ErrCode: 110094) (ErrTime: 18:16:09).
Request → POST https://api-demo.bybit.com/v5/order/create: {"category": "linear", "symbol": "DARKUSDT", "side": "Sell", "orderType": "Market", "qty": "860.0", "timeInForce": "GTC", "reduceOnly": false, "stopLoss": "0.01"}.
2025-06-07 20:29:08 - ERROR - Order error: Order does not meet minimum order value 5USDT (ErrCode: 110094) (ErrTime: 18:29:08).
Request → POST https://api-demo.bybit.com/v5/order/create: {"category": "linear", "symbol": "DARKUSDT", "side": "Sell", "orderType": "Market", "qty": "860.0", "timeInForce": "GTC", "reduceOnly": false, "stopLoss": "0.01"}.
2025-06-07 21:15:11 - ERROR - Order error: StopLoss:2000000 set for Sell position should greater base_price:2392000??LastPrice (ErrCode: 10001) (ErrTime: 19:15:11).
Request → POST https://api-demo.bybit.com/v5/order/create: {"category": "linear", "symbol": "QUICKUSDT", "side": "Sell", "orderType": "Market", "qty": "210.0", "timeInForce": "GTC", "reduceOnly": false, "stopLoss": "0.02"}.
2025-06-07 21:16:10 - ERROR - Order error: StopLoss:2000000 set for Sell position should greater base_price:2392000??LastPrice (ErrCode: 10001) (ErrTime: 19:16:10).
Request → POST https://api-demo.bybit.com/v5/order/create: {"category": "linear", "symbol": "QUICKUSDT", "side": "Sell", "orderType": "Market", "qty": "210.0", "timeInForce": "GTC", "reduceOnly": false, "stopLoss": "0.02"}.
2025-06-07 21:30:11 - ERROR - Order error: Order does not meet minimum order value 5USDT (ErrCode: 110094) (ErrTime: 19:30:11).
Request → POST https://api-demo.bybit.com/v5/order/create: {"category": "linear", "symbol": "SCUSDT", "side": "Sell", "orderType": "Market", "qty": "1530.0", "timeInForce": "GTC", "reduceOnly": false, "stopLoss": "0.0"}.
2025-06-08 00:00:12 - ERROR - Order error: Order does not meet minimum order value 5USDT (ErrCode: 110094) (ErrTime: 22:00:12).
Request → POST https://api-demo.bybit.com/v5/order/create: {"category": "linear", "symbol": "WUSDT", "side": "Sell", "orderType": "Market", "qty": "67.3", "timeInForce": "GTC", "reduceOnly": false, "stopLoss": "0.08"}.
2025-06-08 00:01:11 - ERROR - Order error: Order does not meet minimum order value 5USDT (ErrCode: 110094) (ErrTime: 22:01:11).
Request → POST https://api-demo.bybit.com/v5/order/create: {"category": "linear", "symbol": "WUSDT", "side": "Sell", "orderType": "Market", "qty": "67.3", "timeInForce": "GTC", "reduceOnly": false, "stopLoss": "0.08"}.
2025-06-08 00:04:10 - ERROR - Order error: StopLoss:10000000 set for Sell position should greater base_price:10028000??LastPrice (ErrCode: 10001) (ErrTime: 22:04:10).
Request → POST https://api-demo.bybit.com/v5/order/create: {"category": "linear", "symbol": "MERLUSDT", "side": "Sell", "orderType": "Market", "qty": "49.9", "timeInForce": "GTC", "reduceOnly": false, "stopLoss": "0.1"}.
2025-06-08 00:04:13 - ERROR - Order error: Order does not meet minimum order value 5USDT (ErrCode: 110094) (ErrTime: 22:04:13).
Request → POST https://api-demo.bybit.com/v5/order/create: {"category": "linear", "symbol": "SIRENUSDT", "side": "Sell", "orderType": "Market", "qty": "34.0", "timeInForce": "GTC", "reduceOnly": false, "stopLoss": "0.15"}.
2025-06-08 00:04:15 - ERROR - Order error: Order does not meet minimum order value 5USDT (ErrCode: 110094) (ErrTime: 22:04:15).
Request → POST https://api-demo.bybit.com/v5/order/create: {"category": "linear", "symbol": "WUSDT", "side": "Sell", "orderType": "Market", "qty": "67.3", "timeInForce": "GTC", "reduceOnly": false, "stopLoss": "0.08"}.
2025-06-08 00:05:11 - ERROR - Order error: Order does not meet minimum order value 5USDT (ErrCode: 110094) (ErrTime: 22:05:11).
Request → POST https://api-demo.bybit.com/v5/order/create: {"category": "linear", "symbol": "WUSDT", "side": "Sell", "orderType": "Market", "qty": "67.3", "timeInForce": "GTC", "reduceOnly": false, "stopLoss": "0.08"}.
2025-06-08 00:06:10 - ERROR - Order error: Order does not meet minimum order value 5USDT (ErrCode: 110094) (ErrTime: 22:06:10).
Request → POST https://api-demo.bybit.com/v5/order/create: {"category": "linear", "symbol": "WUSDT", "side": "Sell", "orderType": "Market", "qty": "67.3", "timeInForce": "GTC", "reduceOnly": false, "stopLoss": "0.08"}.
2025-06-08 00:09:10 - ERROR - Order error: StopLoss:10000000 set for Sell position should greater base_price:10033000??LastPrice (ErrCode: 10001) (ErrTime: 22:09:10).
Request → POST https://api-demo.bybit.com/v5/order/create: {"category": "linear", "symbol": "MERLUSDT", "side": "Sell", "orderType": "Market", "qty": "49.9", "timeInForce": "GTC", "reduceOnly": false, "stopLoss": "0.1"}.
2025-06-08 02:38:10 - ERROR - Order error: Order does not meet minimum order value 5USDT (ErrCode: 110094) (ErrTime: 00:38:10).
Request → POST https://api-demo.bybit.com/v5/order/create: {"category": "linear", "symbol": "IPUSDT", "side": "Sell", "orderType": "Market", "qty": "1.2", "timeInForce": "GTC", "reduceOnly": false, "stopLoss": "4.11"}.
2025-06-08 04:58:09 - ERROR - Order error: StopLoss:4000000 set for Buy position should lower than base_price:3984000??LastPrice (ErrCode: 10001) (ErrTime: 02:58:09).
Request → POST https://api-demo.bybit.com/v5/order/create: {"category": "linear", "symbol": "MUBARAKUSDT", "side": "Buy", "orderType": "Market", "qty": "126.0", "timeInForce": "GTC", "reduceOnly": false, "stopLoss": "0.04"}.
2025-06-08 04:59:09 - ERROR - Order error: StopLoss:4000000 set for Buy position should lower than base_price:3984000??LastPrice (ErrCode: 10001) (ErrTime: 02:59:09).
Request → POST https://api-demo.bybit.com/v5/order/create: {"category": "linear", "symbol": "MUBARAKUSDT", "side": "Buy", "orderType": "Market", "qty": "126.0", "timeInForce": "GTC", "reduceOnly": false, "stopLoss": "0.04"}.
2025-06-08 05:03:01 - ERROR - WebSocket error: [WinError 10054] An existing connection was forcibly closed by the remote host
2025-06-08 05:03:13 - ERROR - Ping error: Connection is already closed.
2025-06-08 06:30:09 - ERROR - Order error: Order does not meet minimum order value 5USDT (ErrCode: 110094) (ErrTime: 04:30:09).
Request → POST https://api-demo.bybit.com/v5/order/create: {"category": "linear", "symbol": "EDUUSDT", "side": "Sell", "orderType": "Market", "qty": "34.2", "timeInForce": "GTC", "reduceOnly": false, "stopLoss": "0.15"}.
2025-06-08 07:25:12 - ERROR - Order error: Order does not meet minimum order value 5USDT (ErrCode: 110094) (ErrTime: 05:25:12).
Request → POST https://api-demo.bybit.com/v5/order/create: {"category": "linear", "symbol": "RAYDIUMUSDT", "side": "Sell", "orderType": "Market", "qty": "2.3", "timeInForce": "GTC", "reduceOnly": false, "stopLoss": "2.22"}.
2025-06-08 07:26:10 - ERROR - Order error: Order does not meet minimum order value 5USDT (ErrCode: 110094) (ErrTime: 05:26:10).
Request → POST https://api-demo.bybit.com/v5/order/create: {"category": "linear", "symbol": "PEOPLEUSDT", "side": "Sell", "orderType": "Market", "qty": "250.0", "timeInForce": "GTC", "reduceOnly": false, "stopLoss": "0.02"}.
2025-06-08 07:26:12 - ERROR - Order error: Order does not meet minimum order value 5USDT (ErrCode: 110094) (ErrTime: 05:26:12).
Request → POST https://api-demo.bybit.com/v5/order/create: {"category": "linear", "symbol": "RAYDIUMUSDT", "side": "Sell", "orderType": "Market", "qty": "2.3", "timeInForce": "GTC", "reduceOnly": false, "stopLoss": "2.22"}.
2025-06-08 07:27:11 - ERROR - Order error: Order does not meet minimum order value 5USDT (ErrCode: 110094) (ErrTime: 05:27:11).
Request → POST https://api-demo.bybit.com/v5/order/create: {"category": "linear", "symbol": "XVSUSDT", "side": "Sell", "orderType": "Market", "qty": "0.8", "timeInForce": "GTC", "reduceOnly": false, "stopLoss": "6.18"}.
2025-06-08 08:48:09 - ERROR - Order error: StopLoss:2000000 set for Sell position should greater base_price:2384500??LastPrice (ErrCode: 10001) (ErrTime: 06:48:09).
Request → POST https://api-demo.bybit.com/v5/order/create: {"category": "linear", "symbol": "ETHBTCUSDT", "side": "Sell", "orderType": "Market", "qty": "210.0", "timeInForce": "GTC", "reduceOnly": false, "stopLoss": "0.02"}.
2025-06-08 08:49:09 - ERROR - Order error: StopLoss:2000000 set for Sell position should greater base_price:2384600??LastPrice (ErrCode: 10001) (ErrTime: 06:49:09).
Request → POST https://api-demo.bybit.com/v5/order/create: {"category": "linear", "symbol": "ETHBTCUSDT", "side": "Sell", "orderType": "Market", "qty": "210.0", "timeInForce": "GTC", "reduceOnly": false, "stopLoss": "0.02"}.
2025-06-08 09:16:11 - ERROR - Order error: Order does not meet minimum order value 5USDT (ErrCode: 110094) (ErrTime: 07:16:11).
Request → POST https://api-demo.bybit.com/v5/order/create: {"category": "linear", "symbol": "ZECUSDT", "side": "Sell", "orderType": "Market", "qty": "0.1", "timeInForce": "GTC", "reduceOnly": false, "stopLoss": "51.04"}.
2025-06-08 09:17:18 - ERROR - Order error: Order does not meet minimum order value 5USDT (ErrCode: 110094) (ErrTime: 07:17:18).
Request → POST https://api-demo.bybit.com/v5/order/create: {"category": "linear", "symbol": "ZECUSDT", "side": "Sell", "orderType": "Market", "qty": "0.1", "timeInForce": "GTC", "reduceOnly": false, "stopLoss": "51.03"}.
2025-06-08 09:17:18 - ERROR - Order error: Order does not meet minimum order value 5USDT (ErrCode: 110094) (ErrTime: 07:17:18).
Request → POST https://api-demo.bybit.com/v5/order/create: {"category": "linear", "symbol": "ZRXUSDT", "side": "Sell", "orderType": "Market", "qty": "21.0", "timeInForce": "GTC", "reduceOnly": false, "stopLoss": "0.24"}.
2025-06-08 10:44:07 - ERROR - Order error: Order does not meet minimum order value 5USDT (ErrCode: 110094) (ErrTime: 08:44:07).
Request → POST https://api-demo.bybit.com/v5/order/create: {"category": "linear", "symbol": "BEAMUSDT", "side": "Sell", "orderType": "Market", "qty": "800.0", "timeInForce": "GTC", "reduceOnly": false, "stopLoss": "0.01"}.
2025-06-08 12:49:11 - ERROR - Order error: Order does not meet minimum order value 5USDT (ErrCode: 110094) (ErrTime: 10:49:11).
Request → POST https://api-demo.bybit.com/v5/order/create: {"category": "linear", "symbol": "XIONUSDT", "side": "Sell", "orderType": "Market", "qty": "4.1", "timeInForce": "GTC", "reduceOnly": false, "stopLoss": "1.24"}.
2025-06-08 13:47:08 - ERROR - Order error: Order does not meet minimum order value 5USDT (ErrCode: 110094) (ErrTime: 11:47:08).
Request → POST https://api-demo.bybit.com/v5/order/create: {"category": "linear", "symbol": "IPUSDT", "side": "Sell", "orderType": "Market", "qty": "1.2", "timeInForce": "GTC", "reduceOnly": false, "stopLoss": "4.11"}.
2025-06-08 13:48:07 - ERROR - Order error: Order does not meet minimum order value 5USDT (ErrCode: 110094) (ErrTime: 11:48:07).
Request → POST https://api-demo.bybit.com/v5/order/create: {"category": "linear", "symbol": "AI16ZUSDT", "side": "Sell", "orderType": "Market", "qty": "23.0", "timeInForce": "GTC", "reduceOnly": false, "stopLoss": "0.22"}.
2025-06-08 13:48:12 - ERROR - Order error: Order does not meet minimum order value 5USDT (ErrCode: 110094) (ErrTime: 11:48:12).
Request → POST https://api-demo.bybit.com/v5/order/create: {"category": "linear", "symbol": "IPUSDT", "side": "Sell", "orderType": "Market", "qty": "1.2", "timeInForce": "GTC", "reduceOnly": false, "stopLoss": "4.11"}.
2025-06-08 13:49:08 - ERROR - Order error: Order does not meet minimum order value 5USDT (ErrCode: 110094) (ErrTime: 11:49:08).
Request → POST https://api-demo.bybit.com/v5/order/create: {"category": "linear", "symbol": "BBUSDT", "side": "Sell", "orderType": "Market", "qty": "46.0", "timeInForce": "GTC", "reduceOnly": false, "stopLoss": "0.11"}.
2025-06-08 13:49:11 - ERROR - Order error: Order does not meet minimum order value 5USDT (ErrCode: 110094) (ErrTime: 11:49:11).
Request → POST https://api-demo.bybit.com/v5/order/create: {"category": "linear", "symbol": "IPUSDT", "side": "Sell", "orderType": "Market", "qty": "1.2", "timeInForce": "GTC", "reduceOnly": false, "stopLoss": "4.11"}.
2025-06-08 13:49:15 - ERROR - Order error: StopLoss:5000000 set for Sell position should greater base_price:5317000??LastPrice (ErrCode: 10001) (ErrTime: 11:49:15).
Request → POST https://api-demo.bybit.com/v5/order/create: {"category": "linear", "symbol": "MAVUSDT", "side": "Sell", "orderType": "Market", "qty": "94.0", "timeInForce": "GTC", "reduceOnly": false, "stopLoss": "0.05"}.
2025-06-08 13:50:09 - ERROR - Order error: Order does not meet minimum order value 5USDT (ErrCode: 110094) (ErrTime: 11:50:09).
Request → POST https://api-demo.bybit.com/v5/order/create: {"category": "linear", "symbol": "DUSKUSDT", "side": "Sell", "orderType": "Market", "qty": "78.0", "timeInForce": "GTC", "reduceOnly": false, "stopLoss": "0.07"}.
2025-06-08 13:50:12 - ERROR - Order error: StopLoss:5000000 set for Sell position should greater base_price:5317000??LastPrice (ErrCode: 10001) (ErrTime: 11:50:12).
Request → POST https://api-demo.bybit.com/v5/order/create: {"category": "linear", "symbol": "MAVUSDT", "side": "Sell", "orderType": "Market", "qty": "94.0", "timeInForce": "GTC", "reduceOnly": false, "stopLoss": "0.05"}.
2025-06-08 13:52:10 - ERROR - Order error: Order does not meet minimum order value 5USDT (ErrCode: 110094) (ErrTime: 11:52:10).
Request → POST https://api-demo.bybit.com/v5/order/create: {"category": "linear", "symbol": "DUSKUSDT", "side": "Sell", "orderType": "Market", "qty": "78.0", "timeInForce": "GTC", "reduceOnly": false, "stopLoss": "0.07"}.
2025-06-08 13:52:11 - ERROR - Order error: Order does not meet minimum order value 5USDT (ErrCode: 110094) (ErrTime: 11:52:11).
Request → POST https://api-demo.bybit.com/v5/order/create: {"category": "linear", "symbol": "GRASSUSDT", "side": "Sell", "orderType": "Market", "qty": "2.0", "timeInForce": "GTC", "reduceOnly": false, "stopLoss": "2.15"}.
2025-06-08 13:54:09 - ERROR - Order error: StopLoss:1000000 set for Sell position should greater base_price:1417100??LastPrice (ErrCode: 10001) (ErrTime: 11:54:09).
Request → POST https://api-demo.bybit.com/v5/order/create: {"category": "linear", "symbol": "JASMYUSDT", "side": "Sell", "orderType": "Market", "qty": "353.0", "timeInForce": "GTC", "reduceOnly": false, "stopLoss": "0.01"}.
2025-06-08 13:56:07 - ERROR - Order error: Order does not meet minimum order value 5USDT (ErrCode: 110094) (ErrTime: 11:56:07).
Request → POST https://api-demo.bybit.com/v5/order/create: {"category": "linear", "symbol": "AI16ZUSDT", "side": "Sell", "orderType": "Market", "qty": "23.0", "timeInForce": "GTC", "reduceOnly": false, "stopLoss": "0.22"}.
2025-06-08 13:59:10 - ERROR - Order error: Order does not meet minimum order value 5USDT (ErrCode: 110094) (ErrTime: 11:59:10).
Request → POST https://api-demo.bybit.com/v5/order/create: {"category": "linear", "symbol": "DUSKUSDT", "side": "Sell", "orderType": "Market", "qty": "78.0", "timeInForce": "GTC", "reduceOnly": false, "stopLoss": "0.07"}.
2025-06-08 14:00:09 - ERROR - Order error: Order does not meet minimum order value 5USDT (ErrCode: 110094) (ErrTime: 12:00:09).
Request → POST https://api-demo.bybit.com/v5/order/create: {"category": "linear", "symbol": "CVXUSDT", "side": "Sell", "orderType": "Market", "qty": "1.86", "timeInForce": "GTC", "reduceOnly": false, "stopLoss": "2.75"}.
